#
# A fatal error has been detected by the Java Runtime Environment:
#
#  SIGSEGV (0xb) at pc=0x00007fff944660dd, pid=19514, tid=1811
#
# JRE version: Java(TM) SE Runtime Environment (8.0_20-b26) (build 1.8.0_20-b26)
# Java VM: Java HotSpot(TM) 64-Bit Server VM (25.20-b23 mixed mode bsd-amd64 compressed oops)
# Problematic frame:
# C  [libobjc.A.dylib+0x10dd]  objc_msgSend+0x1d
#
# Failed to write core dump. Core dumps have been disabled. To enable core dumping, try "ulimit -c unlimited" before starting Java again
#
# If you would like to submit a bug report, please visit:
#   http://bugreport.sun.com/bugreport/crash.jsp
# The crash happened outside the Java Virtual Machine in native code.
# See problematic frame for where to report the bug.
#

---------------  T H R E A D  ---------------

Current thread (0x00007ffc2b03f800):  JavaThread "AppKit Thread" daemon [_thread_in_native, id=1811, stack(0x00007fff596e8000,0x00007fff59ee8000)]

siginfo: si_signo: 11 (SIGSEGV), si_code: 1 (SEGV_MAPERR), si_addr: 0x0000000000000018

Registers:
RAX=0x00007ffc29f42440, RBX=0x00007fff59ee38b8, RCX=0x0000000000000000, RDX=0x00007ffc29e2ca60
RSP=0x00007fff59ee36d8, RBP=0x00007fff59ee36e0, RSI=0x00007fff95059be4, RDI=0x00007ffc29f42440
R8 =0x00007fff59ee36c0, R9 =0x0000000000000055, R10=0x00007fff95059be4, R11=0x0000000000000000
R12=0x00007ffc29f02c60, R13=0x00000000000f42e7, R14=0x00007ffc29e6b910, R15=0x00007fff59ee3818
RIP=0x00007fff944660dd, EFLAGS=0x0000000000010246, ERR=0x0000000000000004
  TRAPNO=0x000000000000000e

Top of Stack: (sp=0x00007fff59ee36d8)
0x00007fff59ee36d8:   00007fff97e61cbc 00007fff59ee3a40
0x00007fff59ee36e8:   00007fff97d531b4 00007fff59ee376c
0x00007fff59ee36f8:   00007fff59ee3770 00007fff59ee3774
0x00007fff59ee3708:   00007fff7e98eb48 ffffffffffffffff
0x00007fff59ee3718:   00000000000007f8 00007fff7e98eb60
0x00007fff59ee3728:   00007ffc29e6b910 0000000000000000
0x00007fff59ee3738:   00007fff59ee3810 0000000000000000
0x00007fff59ee3748:   00007ffc29f45430 00007fff59ee3890
0x00007fff59ee3758:   0000000000000055 00000000000f42e9
0x00007fff59ee3768:   00007ffc29e2ca60 00007ffc29f44e60
0x00007fff59ee3778:   00007ffc29f02c60 0000000000000001
0x00007fff59ee3788:   00000000000f42e7 00007ffc29f02c50
0x00007fff59ee3798:   00007fff93eea109 0000000129c47b30
0x00007fff59ee37a8:   00007fff7df1a0d0 0000000042000000
0x00007fff59ee37b8:   00007fff93ef26a3 00007fff7e9591d0
0x00007fff59ee37c8:   00007fff59ee3898 0000000000000000
0x00007fff59ee37d8:   00007fff7e9ef8c8 00007fff7e9ef8c8
0x00007fff59ee37e8:   000000000000000e 00011b0300000001
0x00007fff59ee37f8:   00007ffc29f02c84 0000000000000000
0x00007fff59ee3808:   00000000003ade01 00007ffc29f454b0
0x00007fff59ee3818:   00007ffc29e6b910 00007fff7e9ef8c8
0x00007fff59ee3828:   00007fff950918c7 00007fff59ee38d0
0x00007fff59ee3838:   00007fff93d065a7 00007fff59ee38b4
0x00007fff59ee3848:   00000000003adf01 00000000ffffffff
0x00007fff59ee3858:   00007fff7e9ef8c8 00000000003adf00
0x00007fff59ee3868:   00007fff00000000 00007fff59ee3960
0x00007fff59ee3878:   00007fff8f8feedc 00007fff7e9ef8e8
0x00007fff59ee3888:   00007fff950918c7 0000000000000051
0x00007fff59ee3898:   0000000000000000 00000000000f42e0
0x00007fff59ee38a8:   0000000000000053 0000000000000000
0x00007fff59ee38b8:   00000000000f42e7 00007fff59ee3934
0x00007fff59ee38c8:   00000000003aed01 00000000ffffffff 

Instructions: (pc=0x00007fff944660dd)
0x00007fff944660bd:   00 00 00 48 85 ff 2e 74 7a 40 f6 c7 01 2e 75 7e
0x00007fff944660cd:   49 bb f8 ff ff ff ff 7f 00 00 4c 23 1f 49 89 f2
0x00007fff944660dd:   45 23 53 18 49 c1 e2 04 4d 03 53 10 49 3b 32 75
0x00007fff944660ed:   04 41 ff 62 08 49 83 3a 00 74 6a 4d 3b 53 10 74 

Register to memory mapping:

RAX=0x00007ffc29f42440 is an unknown value
RBX=0x00007fff59ee38b8 is pointing into the stack for thread: 0x00007ffc2b03f800
RCX=0x0000000000000000 is an unknown value
RDX=0x00007ffc29e2ca60 is an unknown value
RSP=0x00007fff59ee36d8 is pointing into the stack for thread: 0x00007ffc2b03f800
RBP=0x00007fff59ee36e0 is pointing into the stack for thread: 0x00007ffc2b03f800
RSI=0x00007fff95059be4: -[NSTitlebarContainerView shouldRoundCorners]+0x5c646 in /System/Library/Frameworks/AppKit.framework/Versions/C/AppKit at 0x00007fff94690000
RDI=0x00007ffc29f42440 is an unknown value
R8 =0x00007fff59ee36c0 is pointing into the stack for thread: 0x00007ffc2b03f800
R9 =0x0000000000000055 is an unknown value
R10=0x00007fff95059be4: -[NSTitlebarContainerView shouldRoundCorners]+0x5c646 in /System/Library/Frameworks/AppKit.framework/Versions/C/AppKit at 0x00007fff94690000
R11=0x0000000000000000 is an unknown value
R12=0x00007ffc29f02c60 is an unknown value
R13=0x00000000000f42e7 is an unknown value
R14=0x00007ffc29e6b910 is an unknown value
R15=0x00007fff59ee3818 is pointing into the stack for thread: 0x00007ffc2b03f800


Stack: [0x00007fff596e8000,0x00007fff59ee8000],  sp=0x00007fff59ee36d8,  free space=8173k
Native frames: (J=compiled Java code, j=interpreted, Vv=VM code, C=native code)
C  [libobjc.A.dylib+0x10dd]  objc_msgSend+0x1d
C  [CoreFoundation+0x101b4]  _CFXNotificationPost+0xc44
C  [Foundation+0x2ea1]  -[NSNotificationCenter postNotificationName:object:userInfo:]+0x42
C  [AppKit+0xddb36]  -[NSSurface _disposeSurface]+0x98
C  [AppKit+0xdd59a]  -[NSSurface setWindow:]+0x42
C  [AppKit+0x3c00c]  -[NSView _setWindow:]+0x98f
C  [AppKit+0x3d262]  -[NSView removeFromSuperview]+0x1c5
C  [AppKit+0x918ca]  -[NSView removeFromSuperviewWithoutNeedingDisplay]+0x26
C  [liblwjgl.jnilib+0x9c3e]  +[MacOSXKeyableWindow destroyWindow]+0xde
C  [Foundation+0x65f4c]  __NSThreadPerformPerform+0x125
C  [CoreFoundation+0x80661]  __CFRUNLOOP_IS_CALLING_OUT_TO_A_SOURCE0_PERFORM_FUNCTION__+0x11
C  [CoreFoundation+0x727ed]  __CFRunLoopDoSources0+0x10d
C  [CoreFoundation+0x71e1f]  __CFRunLoopRun+0x39f
C  [CoreFoundation+0x71838]  CFRunLoopRunSpecific+0x128
C  [HIToolbox+0x2e43f]  RunCurrentEventLoopInMode+0xeb
C  [HIToolbox+0x2e0be]  ReceiveNextEventCommon+0xb3
C  [HIToolbox+0x2dffb]  _BlockUntilNextEventMatchingListInModeWithFilter+0x47
C  [AppKit+0x246d1]  _DPSNextEvent+0x3c4
C  [AppKit+0x23e80]  -[NSApplication nextEventMatchingMask:untilDate:inMode:dequeue:]+0xc2
C  [libosxapp.dylib+0x242a]  -[NSApplicationAWT nextEventMatchingMask:untilDate:inMode:dequeue:]+0x7c
C  [AppKit+0x17e23]  -[NSApplication run]+0x252
C  [libosxapp.dylib+0x223e]  +[NSApplicationAWT runAWTLoopWithApp:]+0x9c
C  [libawt_lwawt.dylib+0x4494f]  -[AWTStarter starter:]+0x389
C  [Foundation+0x65f4c]  __NSThreadPerformPerform+0x125
C  [CoreFoundation+0x80661]  __CFRUNLOOP_IS_CALLING_OUT_TO_A_SOURCE0_PERFORM_FUNCTION__+0x11
C  [CoreFoundation+0x727ed]  __CFRunLoopDoSources0+0x10d
C  [CoreFoundation+0x71e1f]  __CFRunLoopRun+0x39f
C  [CoreFoundation+0x71838]  CFRunLoopRunSpecific+0x128
C  [java+0x56cc]  CreateExecutionEnvironment+0x367
C  [java+0x165c]  JLI_Launch+0x7a0
C  [java+0x768a]  main+0x65
C  [java+0xeb4]  start+0x34
C  0x0000000000000006


---------------  P R O C E S S  ---------------

Java Threads: ( => current thread )
  0x00007ffc2b047000 JavaThread "AWT-Shutdown" [_thread_blocked, id=28179, stack(0x000000011e498000,0x000000011e598000)]
=>0x00007ffc2b03f800 JavaThread "AppKit Thread" daemon [_thread_in_native, id=1811, stack(0x00007fff596e8000,0x00007fff59ee8000)]
  0x00007ffc2b022000 JavaThread "Service Thread" daemon [_thread_blocked, id=18179, stack(0x000000011cdff000,0x000000011ceff000)]
  0x00007ffc2a045000 JavaThread "C1 CompilerThread2" daemon [_thread_blocked, id=17667, stack(0x000000011ccfc000,0x000000011cdfc000)]
  0x00007ffc2a01a800 JavaThread "C2 CompilerThread1" daemon [_thread_blocked, id=17155, stack(0x000000011cbf9000,0x000000011ccf9000)]
  0x00007ffc2a021800 JavaThread "C2 CompilerThread0" daemon [_thread_blocked, id=16643, stack(0x000000011caf6000,0x000000011cbf6000)]
  0x00007ffc2b833800 JavaThread "Signal Dispatcher" daemon [_thread_blocked, id=16151, stack(0x000000011c9f3000,0x000000011caf3000)]
  0x00007ffc2a03b000 JavaThread "Finalizer" daemon [_thread_blocked, id=11523, stack(0x000000011b0c8000,0x000000011b1c8000)]
  0x00007ffc2b005000 JavaThread "Reference Handler" daemon [_thread_blocked, id=11011, stack(0x000000011afc5000,0x000000011b0c5000)]
  0x00007ffc2a006800 JavaThread "main" [_thread_in_native, id=4867, stack(0x0000000105e2e000,0x0000000105f2e000)]

Other Threads:
  0x00007ffc2a038800 VMThread [stack: 0x000000011aec2000,0x000000011afc2000] [id=10499]
  0x00007ffc2b002000 WatcherThread [stack: 0x000000011cf02000,0x000000011d002000] [id=18691]

VM state:not at safepoint (normal execution)

VM Mutex/Monitor currently owned by a thread: None

Heap:
 PSYoungGen      total 18944K, used 5761K [0x00000007aab00000, 0x00000007ac000000, 0x00000007c0000000)
  eden space 16384K, 35% used [0x00000007aab00000,0x00000007ab0a05d8,0x00000007abb00000)
  from space 2560K, 0% used [0x00000007abd80000,0x00000007abd80000,0x00000007ac000000)
  to   space 2560K, 0% used [0x00000007abb00000,0x00000007abb00000,0x00000007abd80000)
 ParOldGen       total 44032K, used 0K [0x0000000780000000, 0x0000000782b00000, 0x00000007aab00000)
  object space 44032K, 0% used [0x0000000780000000,0x0000000780000000,0x0000000782b00000)
 Metaspace       used 5576K, capacity 5685K, committed 5760K, reserved 1056768K
  class space    used 563K, capacity 597K, committed 640K, reserved 1048576K

Card table byte_map: [0x0000000116adb000,0x0000000116cdc000] byte_map_base: 0x0000000112edb000

Marking Bits: (ParMarkBitMap*) 0x000000010709c330
 Begin Bits: [0x000000011723e000, 0x000000011823e000)
 End Bits:   [0x000000011823e000, 0x000000011923e000)

Polling page: 0x0000000105f72000

CodeCache: size=245760Kb used=1900Kb max_used=1911Kb free=243859Kb
 bounds [0x000000010771b000, 0x000000010798b000, 0x000000011671b000]
 total_blobs=754 nmethods=413 adapters=256
 compilation: enabled

Compilation events (10 events):
Event: 1.457 Thread 0x00007ffc2a045000  408       3       java.nio.DirectIntBufferU::put (18 bytes)
Event: 1.458 Thread 0x00007ffc2a045000 nmethod 408 0x00000001078f3850 code [0x00000001078f39c0, 0x00000001078f3c30]
Event: 1.472 Thread 0x00007ffc2a045000  410       1       java.nio.HeapByteBuffer::ix (7 bytes)
Event: 1.472 Thread 0x00007ffc2a045000 nmethod 410 0x00000001078f0050 code [0x00000001078f01a0, 0x00000001078f02b0]
Event: 1.490 Thread 0x00007ffc2a021800  411       4       java.lang.AbstractStringBuilder::append (50 bytes)
Event: 1.493 Thread 0x00007ffc2a045000  412       1       java.io.OutputStream::flush (1 bytes)
Event: 1.494 Thread 0x00007ffc2a045000 nmethod 412 0x00000001078f3590 code [0x00000001078f36e0, 0x00000001078f37f0]
Event: 1.499 Thread 0x00007ffc2a021800 nmethod 411 0x00000001078f9090 code [0x00000001078f9200, 0x00000001078f95f8]
Event: 1.563 Thread 0x00007ffc2a01a800  413       4       java.nio.DirectByteBuffer::put (18 bytes)
Event: 1.564 Thread 0x00007ffc2a01a800 nmethod 413 0x00000001078f6190 code [0x00000001078f62e0, 0x00000001078f6378]

GC Heap History (0 events):
No events

Deoptimization events (0 events):
No events

Internal exceptions (10 events):
Event: 0.971 Thread 0x00007ffc2a006800 Exception <a 'java/security/PrivilegedActionException'> (0x00000007aaf60cf0) thrown at [/HUDSON3/workspace/8-2-build-macosx-x86_64/jdk8u20/1074/hotspot/src/share/vm/prims/jvm.cpp, line 1275]
Event: 0.972 Thread 0x00007ffc2a006800 Exception <a 'java/security/PrivilegedActionException'> (0x00000007aaf64690) thrown at [/HUDSON3/workspace/8-2-build-macosx-x86_64/jdk8u20/1074/hotspot/src/share/vm/prims/jvm.cpp, line 1275]
Event: 0.975 Thread 0x00007ffc2a006800 Exception <a 'java/security/PrivilegedActionException'> (0x00000007aaf6a698) thrown at [/HUDSON3/workspace/8-2-build-macosx-x86_64/jdk8u20/1074/hotspot/src/share/vm/prims/jvm.cpp, line 1275]
Event: 0.975 Thread 0x00007ffc2a006800 Exception <a 'java/security/PrivilegedActionException'> (0x00000007aaf6dd90) thrown at [/HUDSON3/workspace/8-2-build-macosx-x86_64/jdk8u20/1074/hotspot/src/share/vm/prims/jvm.cpp, line 1275]
Event: 0.980 Thread 0x00007ffc2a006800 Exception <a 'java/security/PrivilegedActionException'> (0x00000007aaf71850) thrown at [/HUDSON3/workspace/8-2-build-macosx-x86_64/jdk8u20/1074/hotspot/src/share/vm/prims/jvm.cpp, line 1275]
Event: 0.991 Thread 0x00007ffc2a006800 Exception <a 'java/security/PrivilegedActionException'> (0x00000007aafaa6e8) thrown at [/HUDSON3/workspace/8-2-build-macosx-x86_64/jdk8u20/1074/hotspot/src/share/vm/prims/jvm.cpp, line 1275]
Event: 1.072 Thread 0x00007ffc2a006800 Exception <a 'java/security/PrivilegedActionException'> (0x00000007ab01a550) thrown at [/HUDSON3/workspace/8-2-build-macosx-x86_64/jdk8u20/1074/hotspot/src/share/vm/prims/jvm.cpp, line 1275]
Event: 1.073 Thread 0x00007ffc2a006800 Exception <a 'java/security/PrivilegedActionException'> (0x00000007ab01e178) thrown at [/HUDSON3/workspace/8-2-build-macosx-x86_64/jdk8u20/1074/hotspot/src/share/vm/prims/jvm.cpp, line 1275]
Event: 1.085 Thread 0x00007ffc2a006800 Exception <a 'java/security/PrivilegedActionException'> (0x00000007ab0216f8) thrown at [/HUDSON3/workspace/8-2-build-macosx-x86_64/jdk8u20/1074/hotspot/src/share/vm/prims/jvm.cpp, line 1275]
Event: 1.562 Thread 0x00007ffc2a006800 Exception <a 'java/security/PrivilegedActionException'> (0x00000007ab07fd58) thrown at [/HUDSON3/workspace/8-2-build-macosx-x86_64/jdk8u20/1074/hotspot/src/share/vm/prims/jvm.cpp, line 1275]

Events (10 events):
Event: 0.991 loading class org/lwjgl/BufferChecks
Event: 0.991 loading class org/lwjgl/BufferChecks done
Event: 1.072 loading class org/lwjgl/opengl/ReferencesStack
Event: 1.072 loading class org/lwjgl/opengl/ReferencesStack done
Event: 1.073 loading class org/lwjgl/opengl/Util
Event: 1.073 loading class org/lwjgl/opengl/Util done
Event: 1.085 loading class org/lwjgl/input/Controllers
Event: 1.085 loading class org/lwjgl/input/Controllers done
Event: 1.562 loading class org/lwjgl/opengl/CallbackUtil
Event: 1.562 loading class org/lwjgl/opengl/CallbackUtil done


Dynamic libraries:
0x000000000d9d5000 	/System/Library/Frameworks/Cocoa.framework/Versions/A/Cocoa
0x000000000d9d5000 	/System/Library/Frameworks/Security.framework/Versions/A/Security
0x000000000d9d5000 	/System/Library/Frameworks/ApplicationServices.framework/Versions/A/ApplicationServices
0x000000000d9d5000 	/usr/lib/libz.1.dylib
0x000000000d9d5000 	/usr/lib/libSystem.B.dylib
0x000000000d9d5000 	/usr/lib/libobjc.A.dylib
0x000000000d9d5000 	/System/Library/Frameworks/CoreFoundation.framework/Versions/A/CoreFoundation
0x000000000d9d5000 	/System/Library/Frameworks/Foundation.framework/Versions/C/Foundation
0x000000000d9d5000 	/System/Library/Frameworks/AppKit.framework/Versions/C/AppKit
0x000000000d9d5000 	/System/Library/Frameworks/CoreData.framework/Versions/A/CoreData
0x000000000d9d5000 	/System/Library/PrivateFrameworks/RemoteViewServices.framework/Versions/A/RemoteViewServices
0x000000000d9d5000 	/System/Library/PrivateFrameworks/UIFoundation.framework/Versions/A/UIFoundation
0x000000000d9d5000 	/System/Library/Frameworks/IOSurface.framework/Versions/A/IOSurface
0x000000000d9d5000 	/System/Library/Frameworks/AudioToolbox.framework/Versions/A/AudioToolbox
0x000000000d9d5000 	/System/Library/Frameworks/AudioUnit.framework/Versions/A/AudioUnit
0x000000000d9d5000 	/System/Library/PrivateFrameworks/DataDetectorsCore.framework/Versions/A/DataDetectorsCore
0x000000000d9d5000 	/System/Library/PrivateFrameworks/DesktopServicesPriv.framework/Versions/A/DesktopServicesPriv
0x000000000d9d5000 	/System/Library/Frameworks/Carbon.framework/Versions/A/Frameworks/HIToolbox.framework/Versions/A/HIToolbox
0x000000000d9d5000 	/System/Library/Frameworks/QuartzCore.framework/Versions/A/QuartzCore
0x000000000d9d5000 	/System/Library/Frameworks/Carbon.framework/Versions/A/Frameworks/SpeechRecognition.framework/Versions/A/SpeechRecognition
0x000000000d9d5000 	/usr/lib/libauto.dylib
0x000000000d9d5000 	/usr/lib/libicucore.A.dylib
0x000000000d9d5000 	/usr/lib/libxml2.2.dylib
0x000000000d9d5000 	/System/Library/PrivateFrameworks/CoreUI.framework/Versions/A/CoreUI
0x000000000d9d5000 	/System/Library/Frameworks/CoreAudio.framework/Versions/A/CoreAudio
0x000000000d9d5000 	/System/Library/Frameworks/DiskArbitration.framework/Versions/A/DiskArbitration
0x000000000d9d5000 	/usr/lib/liblangid.dylib
0x000000000d9d5000 	/System/Library/PrivateFrameworks/MultitouchSupport.framework/Versions/A/MultitouchSupport
0x000000000d9d5000 	/System/Library/Frameworks/IOKit.framework/Versions/A/IOKit
0x000000000d9d5000 	/usr/lib/libDiagnosticMessagesClient.dylib
0x000000000d9d5000 	/System/Library/Frameworks/CoreServices.framework/Versions/A/CoreServices
0x000000000d9d5000 	/System/Library/PrivateFrameworks/PerformanceAnalysis.framework/Versions/A/PerformanceAnalysis
0x000000000d9d5000 	/System/Library/PrivateFrameworks/GenerationalStorage.framework/Versions/A/GenerationalStorage
0x000000000d9d5000 	/System/Library/Frameworks/OpenGL.framework/Versions/A/OpenGL
0x000000000d9d5000 	/System/Library/PrivateFrameworks/Sharing.framework/Versions/A/Sharing
0x000000000d9d5000 	/System/Library/Frameworks/CoreGraphics.framework/Versions/A/CoreGraphics
0x000000000d9d5000 	/System/Library/Frameworks/CoreText.framework/Versions/A/CoreText
0x000000000d9d5000 	/System/Library/Frameworks/ImageIO.framework/Versions/A/ImageIO
0x000000000d9d5000 	/usr/lib/libextension.dylib
0x000000000d9d5000 	/System/Library/PrivateFrameworks/Backup.framework/Versions/A/Backup
0x000000000d9d5000 	/usr/lib/libarchive.2.dylib
0x000000000d9d5000 	/System/Library/Frameworks/CFNetwork.framework/Versions/A/CFNetwork
0x000000000d9d5000 	/System/Library/Frameworks/SystemConfiguration.framework/Versions/A/SystemConfiguration
0x000000000d9d5000 	/usr/lib/libCRFSuite.dylib
0x000000000d9d5000 	/usr/lib/libc++.1.dylib
0x000000000d9d5000 	/usr/lib/libc++abi.dylib
0x000000000d9d5000 	/usr/lib/system/libcache.dylib
0x000000000d9d5000 	/usr/lib/system/libcommonCrypto.dylib
0x000000000d9d5000 	/usr/lib/system/libcompiler_rt.dylib
0x000000000d9d5000 	/usr/lib/system/libcopyfile.dylib
0x000000000d9d5000 	/usr/lib/system/libcorecrypto.dylib
0x000000000d9d5000 	/usr/lib/system/libdispatch.dylib
0x000000000d9d5000 	/usr/lib/system/libdyld.dylib
0x000000000d9d5000 	/usr/lib/system/libkeymgr.dylib
0x000000000d9d5000 	/usr/lib/system/liblaunch.dylib
0x000000000d9d5000 	/usr/lib/system/libmacho.dylib
0x000000000d9d5000 	/usr/lib/system/libquarantine.dylib
0x000000000d9d5000 	/usr/lib/system/libremovefile.dylib
0x000000000d9d5000 	/usr/lib/system/libsystem_asl.dylib
0x000000000d9d5000 	/usr/lib/system/libsystem_blocks.dylib
0x000000000d9d5000 	/usr/lib/system/libsystem_c.dylib
0x000000000d9d5000 	/usr/lib/system/libsystem_configuration.dylib
0x000000000d9d5000 	/usr/lib/system/libsystem_coreservices.dylib
0x000000000d9d5000 	/usr/lib/system/libsystem_coretls.dylib
0x000000000d9d5000 	/usr/lib/system/libsystem_dnssd.dylib
0x000000000d9d5000 	/usr/lib/system/libsystem_info.dylib
0x000000000d9d5000 	/usr/lib/system/libsystem_kernel.dylib
0x000000000d9d5000 	/usr/lib/system/libsystem_m.dylib
0x000000000d9d5000 	/usr/lib/system/libsystem_malloc.dylib
0x000000000d9d5000 	/usr/lib/system/libsystem_network.dylib
0x000000000d9d5000 	/usr/lib/system/libsystem_networkextension.dylib
0x000000000d9d5000 	/usr/lib/system/libsystem_notify.dylib
0x000000000d9d5000 	/usr/lib/system/libsystem_platform.dylib
0x000000000d9d5000 	/usr/lib/system/libsystem_pthread.dylib
0x000000000d9d5000 	/usr/lib/system/libsystem_sandbox.dylib
0x000000000d9d5000 	/usr/lib/system/libsystem_secinit.dylib
0x000000000d9d5000 	/usr/lib/system/libsystem_stats.dylib
0x000000000d9d5000 	/usr/lib/system/libsystem_trace.dylib
0x000000000d9d5000 	/usr/lib/system/libunc.dylib
0x000000000d9d5000 	/usr/lib/system/libunwind.dylib
0x000000000d9d5000 	/usr/lib/system/libxpc.dylib
0x000000000d9d5000 	/usr/lib/libbz2.1.0.dylib
0x000000000d9d5000 	/usr/lib/liblzma.5.dylib
0x000000000d9d5000 	/usr/lib/libbsm.0.dylib
0x000000000d9d5000 	/usr/lib/libsqlite3.dylib
0x000000000d9d5000 	/usr/lib/system/libkxld.dylib
0x000000000d9d5000 	/usr/lib/libxar.1.dylib
0x000000000d9d5000 	/usr/lib/libpam.2.dylib
0x000000000d9d5000 	/usr/lib/libOpenScriptingUtil.dylib
0x000000000d9d5000 	/System/Library/Frameworks/CoreServices.framework/Versions/A/Frameworks/FSEvents.framework/Versions/A/FSEvents
0x000000000d9d5000 	/System/Library/Frameworks/CoreServices.framework/Versions/A/Frameworks/CarbonCore.framework/Versions/A/CarbonCore
0x000000000d9d5000 	/System/Library/Frameworks/CoreServices.framework/Versions/A/Frameworks/Metadata.framework/Versions/A/Metadata
0x000000000d9d5000 	/System/Library/Frameworks/CoreServices.framework/Versions/A/Frameworks/OSServices.framework/Versions/A/OSServices
0x000000000d9d5000 	/System/Library/Frameworks/CoreServices.framework/Versions/A/Frameworks/SearchKit.framework/Versions/A/SearchKit
0x000000000d9d5000 	/System/Library/Frameworks/CoreServices.framework/Versions/A/Frameworks/AE.framework/Versions/A/AE
0x000000000d9d5000 	/System/Library/Frameworks/CoreServices.framework/Versions/A/Frameworks/LaunchServices.framework/Versions/A/LaunchServices
0x000000000d9d5000 	/System/Library/Frameworks/CoreServices.framework/Versions/A/Frameworks/DictionaryServices.framework/Versions/A/DictionaryServices
0x000000000d9d5000 	/System/Library/Frameworks/NetFS.framework/Versions/A/NetFS
0x000000000d9d5000 	/System/Library/PrivateFrameworks/NetAuth.framework/Versions/A/NetAuth
0x000000000d9d5000 	/System/Library/PrivateFrameworks/login.framework/Versions/A/Frameworks/loginsupport.framework/Versions/A/loginsupport
0x000000000d9d5000 	/System/Library/PrivateFrameworks/TCC.framework/Versions/A/TCC
0x000000000d9d5000 	/usr/lib/libmecabra.dylib
0x000000000d9d5000 	/System/Library/PrivateFrameworks/LanguageModeling.framework/Versions/A/LanguageModeling
0x000000000d9d5000 	/usr/lib/libcmph.dylib
0x000000000d9d5000 	/usr/lib/libiconv.2.dylib
0x000000000d9d5000 	/System/Library/Frameworks/OpenDirectory.framework/Versions/A/Frameworks/CFOpenDirectory.framework/Versions/A/CFOpenDirectory
0x000000000d9d5000 	/System/Library/Frameworks/ServiceManagement.framework/Versions/A/ServiceManagement
0x000000000d9d5000 	/usr/lib/libxslt.1.dylib
0x000000000d9d5000 	/System/Library/Frameworks/Carbon.framework/Versions/A/Frameworks/Ink.framework/Versions/A/Ink
0x000000000d9d5000 	/System/Library/Frameworks/ApplicationServices.framework/Versions/A/Frameworks/ATS.framework/Versions/A/ATS
0x000000000d9d5000 	/System/Library/Frameworks/ApplicationServices.framework/Versions/A/Frameworks/ColorSync.framework/Versions/A/ColorSync
0x000000000d9d5000 	/System/Library/Frameworks/ApplicationServices.framework/Versions/A/Frameworks/HIServices.framework/Versions/A/HIServices
0x000000000d9d5000 	/System/Library/Frameworks/ApplicationServices.framework/Versions/A/Frameworks/LangAnalysis.framework/Versions/A/LangAnalysis
0x000000000d9d5000 	/System/Library/Frameworks/ApplicationServices.framework/Versions/A/Frameworks/PrintCore.framework/Versions/A/PrintCore
0x000000000d9d5000 	/System/Library/Frameworks/ApplicationServices.framework/Versions/A/Frameworks/QD.framework/Versions/A/QD
0x000000000d9d5000 	/System/Library/Frameworks/ApplicationServices.framework/Versions/A/Frameworks/SpeechSynthesis.framework/Versions/A/SpeechSynthesis
0x000000000d9d5000 	/System/Library/Frameworks/Accelerate.framework/Versions/A/Accelerate
0x000000000d9d5000 	/System/Library/Frameworks/Accelerate.framework/Versions/A/Frameworks/vImage.framework/Versions/A/vImage
0x000000000d9d5000 	/System/Library/Frameworks/Accelerate.framework/Versions/A/Frameworks/vecLib.framework/Versions/A/vecLib
0x000000000d9d5000 	/System/Library/Frameworks/Accelerate.framework/Versions/A/Frameworks/vecLib.framework/Versions/A/libvDSP.dylib
0x000000000d9d5000 	/System/Library/Frameworks/Accelerate.framework/Versions/A/Frameworks/vecLib.framework/Versions/A/libvMisc.dylib
0x000000000d9d5000 	/System/Library/Frameworks/Accelerate.framework/Versions/A/Frameworks/vecLib.framework/Versions/A/libLAPACK.dylib
0x000000000d9d5000 	/System/Library/Frameworks/Accelerate.framework/Versions/A/Frameworks/vecLib.framework/Versions/A/libBLAS.dylib
0x000000000d9d5000 	/System/Library/Frameworks/Accelerate.framework/Versions/A/Frameworks/vecLib.framework/Versions/A/libLinearAlgebra.dylib
0x000000000d9d5000 	/System/Library/Frameworks/ApplicationServices.framework/Versions/A/Frameworks/ATS.framework/Versions/A/Resources/libFontParser.dylib
0x000000000d9d5000 	/System/Library/Frameworks/ApplicationServices.framework/Versions/A/Frameworks/ATS.framework/Versions/A/Resources/libFontRegistry.dylib
0x000000000d9d5000 	/System/Library/PrivateFrameworks/AppleVPA.framework/Versions/A/AppleVPA
0x000000000d9d5000 	/System/Library/PrivateFrameworks/AppleJPEG.framework/Versions/A/AppleJPEG
0x000000000d9d5000 	/System/Library/Frameworks/ImageIO.framework/Versions/A/Resources/libJPEG.dylib
0x000000000d9d5000 	/System/Library/Frameworks/ImageIO.framework/Versions/A/Resources/libTIFF.dylib
0x000000000d9d5000 	/System/Library/Frameworks/ImageIO.framework/Versions/A/Resources/libPng.dylib
0x000000000d9d5000 	/System/Library/Frameworks/ImageIO.framework/Versions/A/Resources/libGIF.dylib
0x000000000d9d5000 	/System/Library/Frameworks/ImageIO.framework/Versions/A/Resources/libJP2.dylib
0x000000000d9d5000 	/System/Library/Frameworks/ImageIO.framework/Versions/A/Resources/libRadiance.dylib
0x000000000d9d5000 	/System/Library/Frameworks/CoreVideo.framework/Versions/A/CoreVideo
0x000000000d9d5000 	/System/Library/Frameworks/OpenGL.framework/Versions/A/Libraries/libGLU.dylib
0x000000000d9d5000 	/System/Library/Frameworks/OpenGL.framework/Versions/A/Libraries/libGFXShared.dylib
0x000000000d9d5000 	/System/Library/Frameworks/OpenGL.framework/Versions/A/Libraries/libGL.dylib
0x000000000d9d5000 	/System/Library/Frameworks/OpenGL.framework/Versions/A/Libraries/libGLImage.dylib
0x000000000d9d5000 	/System/Library/Frameworks/OpenGL.framework/Versions/A/Libraries/libCVMSPluginSupport.dylib
0x000000000d9d5000 	/System/Library/Frameworks/OpenGL.framework/Versions/A/Libraries/libCoreVMClient.dylib
0x000000000d9d5000 	/usr/lib/libcups.2.dylib
0x000000000d9d5000 	/System/Library/Frameworks/Kerberos.framework/Versions/A/Kerberos
0x000000000d9d5000 	/System/Library/Frameworks/GSS.framework/Versions/A/GSS
0x000000000d9d5000 	/usr/lib/libresolv.9.dylib
0x000000000d9d5000 	/System/Library/PrivateFrameworks/Heimdal.framework/Versions/A/Heimdal
0x000000000d9d5000 	/usr/lib/libheimdal-asn1.dylib
0x000000000d9d5000 	/System/Library/Frameworks/OpenDirectory.framework/Versions/A/OpenDirectory
0x000000000d9d5000 	/System/Library/PrivateFrameworks/CommonAuth.framework/Versions/A/CommonAuth
0x000000000d9d5000 	/System/Library/Frameworks/SecurityFoundation.framework/Versions/A/SecurityFoundation
0x000000000d9d5000 	/System/Library/Frameworks/QuartzCore.framework/Versions/A/Frameworks/CoreImage.framework/Versions/A/CoreImage
0x000000000d9d5000 	/System/Library/PrivateFrameworks/CrashReporterSupport.framework/Versions/A/CrashReporterSupport
0x000000000d9d5000 	/System/Library/Frameworks/OpenCL.framework/Versions/A/OpenCL
0x000000000d9d5000 	/System/Library/PrivateFrameworks/FaceCore.framework/Versions/A/FaceCore
0x000000000d9d5000 	/System/Library/PrivateFrameworks/Ubiquity.framework/Versions/A/Ubiquity
0x000000000d9d5000 	/System/Library/PrivateFrameworks/IconServices.framework/Versions/A/IconServices
0x000000000d9d5000 	/System/Library/PrivateFrameworks/ChunkingLibrary.framework/Versions/A/ChunkingLibrary
0x000000000d9d5000 	/System/Library/PrivateFrameworks/Apple80211.framework/Versions/A/Apple80211
0x000000000d9d5000 	/System/Library/Frameworks/CoreWLAN.framework/Versions/A/CoreWLAN
0x000000000d9d5000 	/System/Library/Frameworks/IOBluetooth.framework/Versions/A/IOBluetooth
0x000000000d9d5000 	/System/Library/PrivateFrameworks/CoreWiFi.framework/Versions/A/CoreWiFi
0x000000000d9d5000 	/System/Library/Frameworks/CoreBluetooth.framework/Versions/A/CoreBluetooth
0x000000000d9d5000 	/System/Library/PrivateFrameworks/DebugSymbols.framework/Versions/A/DebugSymbols
0x000000000d9d5000 	/System/Library/PrivateFrameworks/CoreSymbolication.framework/Versions/A/CoreSymbolication
0x000000000d9d5000 	/System/Library/PrivateFrameworks/Symbolication.framework/Versions/A/Symbolication
0x000000000d9d5000 	/System/Library/PrivateFrameworks/SpeechRecognitionCore.framework/Versions/A/SpeechRecognitionCore
0x0000000106800000 	/Library/Java/JavaVirtualMachines/jdk1.8.0_20.jdk/Contents/Home/jre/lib/server/libjvm.dylib
0x000000000d9d5000 	/usr/lib/libstdc++.6.dylib
0x0000000105f30000 	/Library/Java/JavaVirtualMachines/jdk1.8.0_20.jdk/Contents/Home/jre/lib/libverify.dylib
0x0000000105f3e000 	/Library/Java/JavaVirtualMachines/jdk1.8.0_20.jdk/Contents/Home/jre/lib/libjava.dylib
0x0000000105f7c000 	/Library/Java/JavaVirtualMachines/jdk1.8.0_20.jdk/Contents/Home/jre/lib/libzip.dylib
0x0000000105fe2000 	/System/Library/Frameworks/JavaVM.framework/Frameworks/JavaRuntimeSupport.framework/JavaRuntimeSupport
0x000000011b1ca000 	/System/Library/Frameworks/JavaVM.framework/Versions/A/Frameworks/JavaNativeFoundation.framework/Versions/A/JavaNativeFoundation
0x000000011b1de000 	/System/Library/Frameworks/JavaVM.framework/Versions/A/JavaVM
0x000000000d9d5000 	/System/Library/Frameworks/Carbon.framework/Versions/A/Carbon
0x000000011b1ea000 	/System/Library/PrivateFrameworks/JavaLaunching.framework/Versions/A/JavaLaunching
0x000000000d9d5000 	/System/Library/Frameworks/Carbon.framework/Versions/A/Frameworks/CommonPanels.framework/Versions/A/CommonPanels
0x000000000d9d5000 	/System/Library/Frameworks/Carbon.framework/Versions/A/Frameworks/Help.framework/Versions/A/Help
0x000000000d9d5000 	/System/Library/Frameworks/Carbon.framework/Versions/A/Frameworks/ImageCapture.framework/Versions/A/ImageCapture
0x000000000d9d5000 	/System/Library/Frameworks/Carbon.framework/Versions/A/Frameworks/OpenScripting.framework/Versions/A/OpenScripting
0x000000000d9d5000 	/System/Library/Frameworks/Carbon.framework/Versions/A/Frameworks/Print.framework/Versions/A/Print
0x000000000d9d5000 	/System/Library/Frameworks/Carbon.framework/Versions/A/Frameworks/SecurityHI.framework/Versions/A/SecurityHI
0x000000011d01b000 	/Library/Java/JavaVirtualMachines/jdk1.8.0_20.jdk/Contents/Home/jre/lib/libawt.dylib
0x000000011d0ca000 	/Library/Java/JavaVirtualMachines/jdk1.8.0_20.jdk/Contents/Home/jre/lib/./libmlib_image.dylib
0x000000011d196000 	/Library/Java/JavaVirtualMachines/jdk1.8.0_20.jdk/Contents/Home/jre/lib/libawt_lwawt.dylib
0x000000011d249000 	/Library/Java/JavaVirtualMachines/jdk1.8.0_20.jdk/Contents/Home/jre/lib/./libosxapp.dylib
0x000000000d9d5000 	/System/Library/Frameworks/ExceptionHandling.framework/Versions/A/ExceptionHandling
0x000000000d9d5000 	/System/Library/PrivateFrameworks/CoreServicesInternal.framework/Versions/A/CoreServicesInternal
0x000000000d9d5000 	/System/Library/PrivateFrameworks/CloudDocs.framework/Versions/A/CloudDocs
0x000000000d9d5000 	/System/Library/PrivateFrameworks/CoreDuet.framework/Versions/A/CoreDuet
0x000000000d9d5000 	/System/Library/Frameworks/CloudKit.framework/Versions/A/CloudKit
0x000000000d9d5000 	/System/Library/PrivateFrameworks/ProtocolBuffer.framework/Versions/A/ProtocolBuffer
0x000000000d9d5000 	/System/Library/PrivateFrameworks/CoreDuetDaemonProtocol.framework/Versions/A/CoreDuetDaemonProtocol
0x000000000d9d5000 	/System/Library/PrivateFrameworks/CoreDuetDebugLogging.framework/Versions/A/CoreDuetDebugLogging
0x000000000d9d5000 	/System/Library/Frameworks/CoreLocation.framework/Versions/A/CoreLocation
0x000000000d9d5000 	/System/Library/Frameworks/Accounts.framework/Versions/A/Accounts
0x000000000d9d5000 	/System/Library/PrivateFrameworks/ApplePushService.framework/Versions/A/ApplePushService
0x000000000d9d5000 	/System/Library/PrivateFrameworks/GeoServices.framework/Versions/A/GeoServices
0x000000000d9d5000 	/System/Library/PrivateFrameworks/OAuth.framework/Versions/A/OAuth
0x000000000d9d5000 	/System/Library/PrivateFrameworks/CoreDaemon.framework/Versions/B/CoreDaemon
0x000000000d9d5000 	/usr/lib/libcrypto.0.9.8.dylib
0x000000000d9d5000 	/System/Library/PrivateFrameworks/AppleSRP.framework/Versions/A/AppleSRP
0x000000000d9d5000 	/System/Library/PrivateFrameworks/TrustEvaluationAgent.framework/Versions/A/TrustEvaluationAgent
0x000000000d9d5000 	/System/Library/Frameworks/CoreGraphics.framework/Versions/A/Resources/libCGCMS.A.dylib
0x000000000d9d5000 	/System/Library/Frameworks/CoreGraphics.framework/Versions/A/Resources/libRIP.A.dylib
0x000000000d9d5000 	/System/Library/Frameworks/CoreGraphics.framework/Versions/A/Resources/libCGXType.A.dylib
0x000000000d9d5000 	/System/Library/Frameworks/OpenCL.framework/Versions/A/Libraries/libcldcpuengine.dylib
0x000000000d9d5000 	/System/Library/PrivateFrameworks/DiskImages.framework/Versions/A/DiskImages
0x000000000d9d5000 	/System/Library/Frameworks/DiscRecording.framework/Versions/A/DiscRecording
0x000000000d9d5000 	/usr/lib/libcsfde.dylib
0x000000000d9d5000 	/usr/lib/libcurl.4.dylib
0x000000000d9d5000 	/System/Library/PrivateFrameworks/MediaKit.framework/Versions/A/MediaKit
0x000000000d9d5000 	/System/Library/PrivateFrameworks/ProtectedCloudStorage.framework/Versions/A/ProtectedCloudStorage
0x000000000d9d5000 	/usr/lib/libCoreStorage.dylib
0x000000000d9d5000 	/System/Library/PrivateFrameworks/EFILogin.framework/Versions/A/EFILogin
0x000000000d9d5000 	/usr/lib/libutil.dylib
0x000000000d9d5000 	/System/Library/PrivateFrameworks/FindMyDevice.framework/Versions/A/FindMyDevice
0x000000000d9d5000 	/System/Library/Frameworks/LDAP.framework/Versions/A/LDAP
0x000000000d9d5000 	/usr/lib/libsasl2.2.dylib
0x000000011fc0f000 	cl_kernels
0x000000011fc11000 	/System/Library/Frameworks/OpenCL.framework/Versions/A/Libraries/ImageFormats/unorm8_bgra.dylib
0x000000011fc00000 	cl_kernels
0x000000000d9d5000 	/System/Library/PrivateFrameworks/FamilyControls.framework/Versions/A/FamilyControls
0x000000000d9d5000 	/System/Library/PrivateFrameworks/CommerceKit.framework/Versions/A/Frameworks/CommerceCore.framework/Versions/A/CommerceCore
0x000000000d9d5000 	/System/Library/PrivateFrameworks/SystemAdministration.framework/Versions/A/SystemAdministration
0x000000000d9d5000 	/System/Library/PrivateFrameworks/AppContainer.framework/Versions/A/AppContainer
0x000000000d9d5000 	/System/Library/PrivateFrameworks/SecCodeWrapper.framework/Versions/A/SecCodeWrapper
0x000000000d9d5000 	/System/Library/Frameworks/DirectoryService.framework/Versions/A/DirectoryService
0x000000000d9d5000 	/System/Library/PrivateFrameworks/LoginUIKit.framework/Versions/A/Frameworks/LoginUICore.framework/Versions/A/LoginUICore
0x000000000d9d5000 	/usr/lib/libodfde.dylib
0x0000000120dd7000 	/Library/Java/JavaVirtualMachines/jdk1.8.0_20.jdk/Contents/Home/jre/lib/libfontmanager.dylib
0x0000000120e3d000 	/Users/eugenpuzynin/git/hsa-galileo/lib/lwjgl-2.9.1/native/macosx/liblwjgl.jnilib
0x000000011f149000 	/Library/Java/JavaVirtualMachines/jdk1.8.0_20.jdk/Contents/Home/jre/lib/libjawt.dylib
0x000000000d9d5000 	/System/Library/Frameworks/OpenGL.framework/Versions/A/Resources/GLEngine.bundle/GLEngine
0x000000000d9d5000 	/System/Library/Frameworks/OpenGL.framework/Versions/A/Libraries/libGLProgrammability.dylib
0x0000000000000000 	/System/Library/Extensions/AppleIntelHD5000GraphicsGLDriver.bundle/Contents/MacOS/AppleIntelHD5000GraphicsGLDriver
0x000000000d9d5000 	/System/Library/PrivateFrameworks/IOAccelerator.framework/Versions/A/IOAccelerator
0x000000000d9d5000 	/System/Library/PrivateFrameworks/GPUSupport.framework/Versions/A/Libraries/libGPUSupportMercury.dylib
0x000000000d9d5000 	/System/Library/Frameworks/OpenGL.framework/Versions/A/Resources/GLRendererFloat.bundle/GLRendererFloat

VM Arguments:
jvm_args: -Djava.library.path=/Users/eugenpuzynin/git/hsa-galileo/lib/lwjgl-2.9.1/native/macosx -Dfile.encoding=UTF-8 
java_command: mapping.MappingEV3
java_class_path (initial): /Users/eugenpuzynin/git/hsa-galileo/bin:/Users/eugenpuzynin/git/hsa-galileo/lib/lwjgl-2.9.1/jar/jinput.jar:/Users/eugenpuzynin/git/hsa-galileo/lib/lwjgl-2.9.1/jar/lwjgl_util.jar:/Users/eugenpuzynin/git/hsa-galileo/lib/lwjgl-2.9.1/jar/lwjgl.jar
Launcher Type: SUN_STANDARD

Environment Variables:
PATH=/usr/bin:/bin:/usr/sbin:/sbin
SHELL=/bin/bash

Signal Handlers:
SIGSEGV: [libjvm.dylib+0x578fd7], sa_mask[0]=11111111011111110111111111111111, sa_flags=SA_ONSTACK|SA_RESTART|SA_SIGINFO
SIGBUS: [libjvm.dylib+0x578fd7], sa_mask[0]=11111111011111110111111111111111, sa_flags=SA_RESTART|SA_SIGINFO
SIGFPE: [libjvm.dylib+0x45ab0c], sa_mask[0]=11111111011111110111111111111111, sa_flags=SA_RESTART|SA_SIGINFO
SIGPIPE: [libjvm.dylib+0x45ab0c], sa_mask[0]=11111111011111110111111111111111, sa_flags=SA_RESTART|SA_SIGINFO
SIGXFSZ: [libjvm.dylib+0x45ab0c], sa_mask[0]=11111111011111110111111111111111, sa_flags=SA_RESTART|SA_SIGINFO
SIGILL: [libjvm.dylib+0x45ab0c], sa_mask[0]=11111111011111110111111111111111, sa_flags=SA_RESTART|SA_SIGINFO
SIGUSR1: SIG_DFL, sa_mask[0]=00000000000000000000000000000000, sa_flags=none
SIGUSR2: [libjvm.dylib+0x45a62a], sa_mask[0]=00100000000000000000000000000000, sa_flags=SA_RESTART|SA_SIGINFO
SIGHUP: [libjvm.dylib+0x458bfd], sa_mask[0]=11111111011111110111111111111111, sa_flags=SA_RESTART|SA_SIGINFO
SIGINT: [libjvm.dylib+0x458bfd], sa_mask[0]=11111111011111110111111111111111, sa_flags=SA_RESTART|SA_SIGINFO
SIGTERM: [libjvm.dylib+0x458bfd], sa_mask[0]=11111111011111110111111111111111, sa_flags=SA_RESTART|SA_SIGINFO
SIGQUIT: [libjvm.dylib+0x458bfd], sa_mask[0]=11111111011111110111111111111111, sa_flags=SA_RESTART|SA_SIGINFO


---------------  S Y S T E M  ---------------

OS:Bsduname:Darwin 14.0.0 Darwin Kernel Version 14.0.0: Fri Sep 19 00:26:44 PDT 2014; root:xnu-2782.1.97~2/RELEASE_X86_64 x86_64
rlimit: STACK 8192k, CORE 0k, NPROC 709, NOFILE 10240, AS infinity
load average:1.73 1.54 1.49

CPU:total 4 (2 cores per cpu, 2 threads per core) family 6 model 69 stepping 1, cmov, cx8, fxsr, mmx, sse, sse2, sse3, ssse3, sse4.1, sse4.2, popcnt, avx, avx2, aes, clmul, erms, lzcnt, ht, tsc, tscinvbit, bmi1, bmi2

Memory: 4k page, physical 4194304k(23608k free)

/proc/meminfo:


vm_info: Java HotSpot(TM) 64-Bit Server VM (25.20-b23) for bsd-amd64 JRE (1.8.0_20-b26), built on Jul 30 2014 13:37:47 by "java_re" with gcc 4.2.1 (Based on Apple Inc. build 5658) (LLVM build 2336.9.00)

time: Thu Dec 11 14:30:20 2014
elapsed time: 1 seconds (0d 0h 0m 1s)

