#
# A fatal error has been detected by the Java Runtime Environment:
#
#  SIGSEGV (0xb) at pc=0x00007fff944660e9, pid=20872, tid=1811
#
# JRE version: Java(TM) SE Runtime Environment (8.0_20-b26) (build 1.8.0_20-b26)
# Java VM: Java HotSpot(TM) 64-Bit Server VM (25.20-b23 mixed mode bsd-amd64 compressed oops)
# Problematic frame:
# C  [libobjc.A.dylib+0x10e9]  objc_msgSend+0x29
#
# Failed to write core dump. Core dumps have been disabled. To enable core dumping, try "ulimit -c unlimited" before starting Java again
#
# If you would like to submit a bug report, please visit:
#   http://bugreport.sun.com/bugreport/crash.jsp
# The crash happened outside the Java Virtual Machine in native code.
# See problematic frame for where to report the bug.
#

---------------  T H R E A D  ---------------

Current thread (0x00007fd5d907b000):  JavaThread "AppKit Thread" daemon [_thread_in_native, id=1811, stack(0x00007fff5ec5d000,0x00007fff5f45d000)]

siginfo: si_signo: 11 (SIGSEGV), si_code: 1 (SEGV_MAPERR), si_addr: 0x0000000000000000

Registers:
RAX=0x0000000000000000, RBX=0x00007fd5d8d72090, RCX=0x0000000000000000, RDX=0x00007fd5d8f47450
RSP=0x00007fff5f457c68, RBP=0x00007fff5f457c90, RSI=0x00007fff95059b42, RDI=0x00007fd5d8d72090
R8 =0x0000000000000001, R9 =0x0000000000000001, R10=0x0000000000000000, R11=0x00007fd5da001000
R12=0x00007fd5d8f47450, R13=0x00007fd5d8e6d970, R14=0x00007fd5d8f47450, R15=0x00007fff5f458180
RIP=0x00007fff944660e9, EFLAGS=0x0000000000010246, ERR=0x0000000000000004
  TRAPNO=0x000000000000000e

Top of Stack: (sp=0x00007fff5f457c68)
0x00007fff5f457c68:   000000011b8e1f4e 00007fd5d8f47450
0x00007fff5f457c78:   000000011b915cb8 00007fd5d8e6d970
0x00007fff5f457c88:   0000000000000094 00007fff5f458170
0x00007fff5f457c98:   00007fff947de775 0000000000000000
0x00007fff5f457ca8:   0000000000000000 4089000000000000
0x00007fff5f457cb8:   4089000000000000 0000000000000000
0x00007fff5f457cc8:   0000000000000000 4089000000000000
0x00007fff5f457cd8:   4089000000000000 4089000000000000
0x00007fff5f457ce8:   4089b00000000000 401c000000000000
0x00007fff5f457cf8:   4089180000000000 402c000000000000
0x00007fff5f457d08:   4030000000000000 401c000000000000
0x00007fff5f457d18:   0000000000000000 0000000000000000
0x00007fff5f457d28:   4030000000000000 00007fff9501e2ce
0x00007fff5f457d38:   4008000000000000 00007fd5d8f484e0
0x00007fff5f457d48:   0000000100000000 0000000000000000
0x00007fff5f457d58:   00007fd5d8c34360 00007fff5f457eb0
0x00007fff5f457d68:   00007fff948a4bc6 00007fff5f457eb0
0x00007fff5f457d78:   00007fff948a56b2 402c000000000000
0x00007fff5f457d88:   4030000000000000 401c000000000000
0x00007fff5f457d98:   4089180000000000 402c000000000000
0x00007fff5f457da8:   4030000000000000 0000000000000000
0x00007fff5f457db8:   0000000000000000 4089000000000000
0x00007fff5f457dc8:   4089b00000000000 401c000000000000
0x00007fff5f457dd8:   4089180000000000 00000001007c0a00
0x00007fff5f457de8:   00007fd5d8d695b0 00000000000000b0
0x00007fff5f457df8:   0000000000000000 0000000000000694
0x00007fff5f457e08:   00000001007bd000 00007fff5f457eb0
0x00007fff5f457e18:   00007fff8f9024ff 0000000000000708
0x00007fff5f457e28:   00000001007bd000 00007fff5f457ed0
0x00007fff5f457e38:   0000000000000695 00007fff5f457f3f
0x00007fff5f457e48:   0000000008000000 00007fd5d8dfc080
0x00007fff5f457e58:   00007fd5d8d69500 0000000000000005 

Instructions: (pc=0x00007fff944660e9)
0x00007fff944660c9:   01 2e 75 7e 49 bb f8 ff ff ff ff 7f 00 00 4c 23
0x00007fff944660d9:   1f 49 89 f2 45 23 53 18 49 c1 e2 04 4d 03 53 10
0x00007fff944660e9:   49 3b 32 75 04 41 ff 62 08 49 83 3a 00 74 6a 4d
0x00007fff944660f9:   3b 53 10 74 0d 49 83 ea 10 49 3b 32 75 eb 41 ff 

Register to memory mapping:

RAX=0x0000000000000000 is an unknown value
RBX=0x00007fd5d8d72090 is an unknown value
RCX=0x0000000000000000 is an unknown value
RDX=0x00007fd5d8f47450 is an unknown value
RSP=0x00007fff5f457c68 is pointing into the stack for thread: 0x00007fd5d907b000
RBP=0x00007fff5f457c90 is pointing into the stack for thread: 0x00007fd5d907b000
RSI=0x00007fff95059b42: -[NSTitlebarContainerView shouldRoundCorners]+0x5c5a4 in /System/Library/Frameworks/AppKit.framework/Versions/C/AppKit at 0x00007fff94690000
RDI=0x00007fd5d8d72090 is an unknown value
R8 =0x0000000000000001 is an unknown value
R9 =0x0000000000000001 is an unknown value
R10=0x0000000000000000 is an unknown value
R11=0x00007fd5da001000 is a thread
R12=0x00007fd5d8f47450 is an unknown value
R13=0x00007fd5d8e6d970 is an unknown value
R14=0x00007fd5d8f47450 is an unknown value
R15=0x00007fff5f458180 is pointing into the stack for thread: 0x00007fd5d907b000


Stack: [0x00007fff5ec5d000,0x00007fff5f45d000],  sp=0x00007fff5f457c68,  free space=8171k
Native frames: (J=compiled Java code, j=interpreted, Vv=VM code, C=native code)
C  [libobjc.A.dylib+0x10e9]  objc_msgSend+0x29
C  [AppKit+0x14e775]  -[NSView _recursiveDisplayRectIfNeededIgnoringOpacity:isVisibleRect:rectIsVisibleRectForView:topView:]+0x740
C  [AppKit+0x14f7d0]  -[NSView _recursiveDisplayRectIfNeededIgnoringOpacity:isVisibleRect:rectIsVisibleRectForView:topView:]+0x179b
C  [AppKit+0x14db23]  -[NSThemeFrame _recursiveDisplayRectIfNeededIgnoringOpacity:isVisibleRect:rectIsVisibleRectForView:topView:]+0x14d
C  [AppKit+0x14a67b]  -[NSView _displayRectIgnoringOpacity:isVisibleRect:rectIsVisibleRectForView:]+0xac9
C  [AppKit+0x12907a]  -[NSView displayIfNeeded]+0x754
C  [AppKit+0x146575]  -[NSWindow displayIfNeeded]+0xe8
C  [AppKit+0x183772]  _handleWindowNeedsDisplayOrLayoutOrUpdateConstraints+0x3a8
C  [AppKit+0x748cf1]  __83-[NSWindow _postWindowNeedsDisplayOrLayoutOrUpdateConstraintsUnlessPostingDisabled]_block_invoke1523+0x2e
C  [CoreFoundation+0x7fd87]  __CFRUNLOOP_IS_CALLING_OUT_TO_AN_OBSERVER_CALLBACK_FUNCTION__+0x17
C  [CoreFoundation+0x7fce0]  __CFRunLoopDoObservers+0x170
C  [CoreFoundation+0x71de8]  __CFRunLoopRun+0x368
C  [CoreFoundation+0x71838]  CFRunLoopRunSpecific+0x128
C  [HIToolbox+0x2e43f]  RunCurrentEventLoopInMode+0xeb
C  [HIToolbox+0x2e0be]  ReceiveNextEventCommon+0xb3
C  [HIToolbox+0x2dffb]  _BlockUntilNextEventMatchingListInModeWithFilter+0x47
C  [AppKit+0x246d1]  _DPSNextEvent+0x3c4
C  [AppKit+0x23e80]  -[NSApplication nextEventMatchingMask:untilDate:inMode:dequeue:]+0xc2
C  [libosxapp.dylib+0x242a]  -[NSApplicationAWT nextEventMatchingMask:untilDate:inMode:dequeue:]+0x7c
C  [AppKit+0x17e23]  -[NSApplication run]+0x252
C  [libosxapp.dylib+0x223e]  +[NSApplicationAWT runAWTLoopWithApp:]+0x9c
C  [libawt_lwawt.dylib+0x4494f]  -[AWTStarter starter:]+0x389
C  [Foundation+0x65f4c]  __NSThreadPerformPerform+0x125
C  [CoreFoundation+0x80661]  __CFRUNLOOP_IS_CALLING_OUT_TO_A_SOURCE0_PERFORM_FUNCTION__+0x11
C  [CoreFoundation+0x727ed]  __CFRunLoopDoSources0+0x10d
C  [CoreFoundation+0x71e1f]  __CFRunLoopRun+0x39f
C  [CoreFoundation+0x71838]  CFRunLoopRunSpecific+0x128
C  [java+0x56cc]  CreateExecutionEnvironment+0x367
C  [java+0x165c]  JLI_Launch+0x7a0
C  [java+0x768a]  main+0x65
C  [java+0xeb4]  start+0x34
C  0x0000000000000006


---------------  P R O C E S S  ---------------

Java Threads: ( => current thread )
  0x00007fd5da8bb800 JavaThread "AWT-Shutdown" [_thread_blocked, id=27923, stack(0x0000000118f33000,0x0000000119033000)]
=>0x00007fd5d907b000 JavaThread "AppKit Thread" daemon [_thread_in_native, id=1811, stack(0x00007fff5ec5d000,0x00007fff5f45d000)]
  0x00007fd5d9053000 JavaThread "Service Thread" daemon [_thread_blocked, id=17923, stack(0x0000000117803000,0x0000000117903000)]
  0x00007fd5d982b000 JavaThread "C1 CompilerThread2" daemon [_thread_blocked, id=17411, stack(0x0000000117700000,0x0000000117800000)]
  0x00007fd5da039800 JavaThread "C2 CompilerThread1" daemon [_thread_blocked, id=16899, stack(0x00000001175fd000,0x00000001176fd000)]
  0x00007fd5da802000 JavaThread "C2 CompilerThread0" daemon [_thread_blocked, id=16387, stack(0x00000001174fa000,0x00000001175fa000)]
  0x00007fd5da016800 JavaThread "Signal Dispatcher" daemon [_thread_blocked, id=12811, stack(0x00000001173f7000,0x00000001174f7000)]
  0x00007fd5d9820800 JavaThread "Finalizer" daemon [_thread_blocked, id=11523, stack(0x0000000115b35000,0x0000000115c35000)]
  0x00007fd5d9820000 JavaThread "Reference Handler" daemon [_thread_blocked, id=11011, stack(0x0000000115a32000,0x0000000115b32000)]
  0x00007fd5da001000 JavaThread "main" [_thread_in_native, id=4867, stack(0x00000001008b9000,0x00000001009b9000)]

Other Threads:
  0x00007fd5d9046000 VMThread [stack: 0x000000011592f000,0x0000000115a2f000] [id=10499]
  0x00007fd5d9053800 WatcherThread [stack: 0x0000000117906000,0x0000000117a06000] [id=18435]

VM state:not at safepoint (normal execution)

VM Mutex/Monitor currently owned by a thread: None

Heap:
 PSYoungGen      total 18944K, used 5521K [0x00000007aab00000, 0x00000007ac000000, 0x00000007c0000000)
  eden space 16384K, 33% used [0x00000007aab00000,0x00000007ab064490,0x00000007abb00000)
  from space 2560K, 0% used [0x00000007abd80000,0x00000007abd80000,0x00000007ac000000)
  to   space 2560K, 0% used [0x00000007abb00000,0x00000007abb00000,0x00000007abd80000)
 ParOldGen       total 44032K, used 0K [0x0000000780000000, 0x0000000782b00000, 0x00000007aab00000)
  object space 44032K, 0% used [0x0000000780000000,0x0000000780000000,0x0000000782b00000)
 Metaspace       used 5562K, capacity 5705K, committed 5760K, reserved 1056768K
  class space    used 565K, capacity 629K, committed 640K, reserved 1048576K

Card table byte_map: [0x00000001114ec000,0x00000001116ed000] byte_map_base: 0x000000010d8ec000

Marking Bits: (ParMarkBitMap*) 0x0000000101a9c330
 Begin Bits: [0x0000000111c4f000, 0x0000000112c4f000)
 End Bits:   [0x0000000112c4f000, 0x0000000113c4f000)

Polling page: 0x00000001009fd000

CodeCache: size=245760Kb used=1875Kb max_used=1886Kb free=243885Kb
 bounds [0x000000010212c000, 0x000000010239c000, 0x000000011112c000]
 total_blobs=734 nmethods=393 adapters=256
 compilation: enabled

Compilation events (10 events):
Event: 1.319 Thread 0x00007fd5d982b000  389   !   3       org.lwjgl.input.Mouse::poll (215 bytes)
Event: 1.322 Thread 0x00007fd5d982b000 nmethod 389 0x00000001022fc990 code [0x00000001022fccc0, 0x00000001022fe668]
Event: 1.322 Thread 0x00007fd5d982b000  390       3       org.lwjgl.opengl.MacOSXDisplay::pollMouse (29 bytes)
Event: 1.322 Thread 0x00007fd5d982b000 nmethod 390 0x00000001022fad90 code [0x00000001022faf20, 0x00000001022fb258]
Event: 1.322 Thread 0x00007fd5d982b000  391       3       org.lwjgl.opengl.GL11::glLoadIdentity (18 bytes)
Event: 1.323 Thread 0x00007fd5d982b000 nmethod 391 0x00000001022fa1d0 code [0x00000001022fa3c0, 0x00000001022faa38]
Event: 1.397 Thread 0x00007fd5da039800  392       4       org.lwjgl.opengl.GL11::glColor3f (24 bytes)
Event: 1.399 Thread 0x00007fd5da802000  393       4       mapping.MappingEV3::drawRect (11 bytes)
Event: 1.400 Thread 0x00007fd5da039800 nmethod 392 0x00000001022f9dd0 code [0x00000001022f9f20, 0x00000001022fa048]
Event: 1.410 Thread 0x00007fd5da802000 nmethod 393 0x0000000102302210 code [0x00000001023024a0, 0x0000000102302d30]

GC Heap History (0 events):
No events

Deoptimization events (0 events):
No events

Internal exceptions (10 events):
Event: 0.544 Thread 0x00007fd5da001000 Exception <a 'java/security/PrivilegedActionException'> (0x00000007aaf687c0) thrown at [/HUDSON3/workspace/8-2-build-macosx-x86_64/jdk8u20/1074/hotspot/src/share/vm/prims/jvm.cpp, line 1275]
Event: 0.545 Thread 0x00007fd5da001000 Exception <a 'java/security/PrivilegedActionException'> (0x00000007aaf6c160) thrown at [/HUDSON3/workspace/8-2-build-macosx-x86_64/jdk8u20/1074/hotspot/src/share/vm/prims/jvm.cpp, line 1275]
Event: 0.546 Thread 0x00007fd5da001000 Exception <a 'java/security/PrivilegedActionException'> (0x00000007aaf71fc8) thrown at [/HUDSON3/workspace/8-2-build-macosx-x86_64/jdk8u20/1074/hotspot/src/share/vm/prims/jvm.cpp, line 1275]
Event: 0.546 Thread 0x00007fd5da001000 Exception <a 'java/security/PrivilegedActionException'> (0x00000007aaf756c0) thrown at [/HUDSON3/workspace/8-2-build-macosx-x86_64/jdk8u20/1074/hotspot/src/share/vm/prims/jvm.cpp, line 1275]
Event: 0.548 Thread 0x00007fd5da001000 Exception <a 'java/security/PrivilegedActionException'> (0x00000007aaf79180) thrown at [/HUDSON3/workspace/8-2-build-macosx-x86_64/jdk8u20/1074/hotspot/src/share/vm/prims/jvm.cpp, line 1275]
Event: 0.556 Thread 0x00007fd5da001000 Exception <a 'java/security/PrivilegedActionException'> (0x00000007aaf9c0c0) thrown at [/HUDSON3/workspace/8-2-build-macosx-x86_64/jdk8u20/1074/hotspot/src/share/vm/prims/jvm.cpp, line 1275]
Event: 0.609 Thread 0x00007fd5da001000 Exception <a 'java/security/PrivilegedActionException'> (0x00000007ab021e38) thrown at [/HUDSON3/workspace/8-2-build-macosx-x86_64/jdk8u20/1074/hotspot/src/share/vm/prims/jvm.cpp, line 1275]
Event: 0.610 Thread 0x00007fd5da001000 Exception <a 'java/security/PrivilegedActionException'> (0x00000007ab025a60) thrown at [/HUDSON3/workspace/8-2-build-macosx-x86_64/jdk8u20/1074/hotspot/src/share/vm/prims/jvm.cpp, line 1275]
Event: 0.617 Thread 0x00007fd5da001000 Exception <a 'java/security/PrivilegedActionException'> (0x00000007ab028fe0) thrown at [/HUDSON3/workspace/8-2-build-macosx-x86_64/jdk8u20/1074/hotspot/src/share/vm/prims/jvm.cpp, line 1275]
Event: 1.591 Thread 0x00007fd5da001000 Exception <a 'java/security/PrivilegedActionException'> (0x00000007ab02fd48) thrown at [/HUDSON3/workspace/8-2-build-macosx-x86_64/jdk8u20/1074/hotspot/src/share/vm/prims/jvm.cpp, line 1275]

Events (10 events):
Event: 0.556 loading class org/lwjgl/BufferChecks
Event: 0.556 loading class org/lwjgl/BufferChecks done
Event: 0.609 loading class org/lwjgl/opengl/ReferencesStack
Event: 0.609 loading class org/lwjgl/opengl/ReferencesStack done
Event: 0.610 loading class org/lwjgl/opengl/Util
Event: 0.610 loading class org/lwjgl/opengl/Util done
Event: 0.617 loading class org/lwjgl/input/Controllers
Event: 0.617 loading class org/lwjgl/input/Controllers done
Event: 1.591 loading class org/lwjgl/opengl/CallbackUtil
Event: 1.591 loading class org/lwjgl/opengl/CallbackUtil done


Dynamic libraries:
0x000000000d9d5000 	/System/Library/Frameworks/Cocoa.framework/Versions/A/Cocoa
0x000000000d9d5000 	/System/Library/Frameworks/Security.framework/Versions/A/Security
0x000000000d9d5000 	/System/Library/Frameworks/ApplicationServices.framework/Versions/A/ApplicationServices
0x000000000d9d5000 	/usr/lib/libz.1.dylib
0x000000000d9d5000 	/usr/lib/libSystem.B.dylib
0x000000000d9d5000 	/usr/lib/libobjc.A.dylib
0x000000000d9d5000 	/System/Library/Frameworks/CoreFoundation.framework/Versions/A/CoreFoundation
0x000000000d9d5000 	/System/Library/Frameworks/Foundation.framework/Versions/C/Foundation
0x000000000d9d5000 	/System/Library/Frameworks/AppKit.framework/Versions/C/AppKit
0x000000000d9d5000 	/System/Library/Frameworks/CoreData.framework/Versions/A/CoreData
0x000000000d9d5000 	/System/Library/PrivateFrameworks/RemoteViewServices.framework/Versions/A/RemoteViewServices
0x000000000d9d5000 	/System/Library/PrivateFrameworks/UIFoundation.framework/Versions/A/UIFoundation
0x000000000d9d5000 	/System/Library/Frameworks/IOSurface.framework/Versions/A/IOSurface
0x000000000d9d5000 	/System/Library/Frameworks/AudioToolbox.framework/Versions/A/AudioToolbox
0x000000000d9d5000 	/System/Library/Frameworks/AudioUnit.framework/Versions/A/AudioUnit
0x000000000d9d5000 	/System/Library/PrivateFrameworks/DataDetectorsCore.framework/Versions/A/DataDetectorsCore
0x000000000d9d5000 	/System/Library/PrivateFrameworks/DesktopServicesPriv.framework/Versions/A/DesktopServicesPriv
0x000000000d9d5000 	/System/Library/Frameworks/Carbon.framework/Versions/A/Frameworks/HIToolbox.framework/Versions/A/HIToolbox
0x000000000d9d5000 	/System/Library/Frameworks/QuartzCore.framework/Versions/A/QuartzCore
0x000000000d9d5000 	/System/Library/Frameworks/Carbon.framework/Versions/A/Frameworks/SpeechRecognition.framework/Versions/A/SpeechRecognition
0x000000000d9d5000 	/usr/lib/libauto.dylib
0x000000000d9d5000 	/usr/lib/libicucore.A.dylib
0x000000000d9d5000 	/usr/lib/libxml2.2.dylib
0x000000000d9d5000 	/System/Library/PrivateFrameworks/CoreUI.framework/Versions/A/CoreUI
0x000000000d9d5000 	/System/Library/Frameworks/CoreAudio.framework/Versions/A/CoreAudio
0x000000000d9d5000 	/System/Library/Frameworks/DiskArbitration.framework/Versions/A/DiskArbitration
0x000000000d9d5000 	/usr/lib/liblangid.dylib
0x000000000d9d5000 	/System/Library/PrivateFrameworks/MultitouchSupport.framework/Versions/A/MultitouchSupport
0x000000000d9d5000 	/System/Library/Frameworks/IOKit.framework/Versions/A/IOKit
0x000000000d9d5000 	/usr/lib/libDiagnosticMessagesClient.dylib
0x000000000d9d5000 	/System/Library/Frameworks/CoreServices.framework/Versions/A/CoreServices
0x000000000d9d5000 	/System/Library/PrivateFrameworks/PerformanceAnalysis.framework/Versions/A/PerformanceAnalysis
0x000000000d9d5000 	/System/Library/PrivateFrameworks/GenerationalStorage.framework/Versions/A/GenerationalStorage
0x000000000d9d5000 	/System/Library/Frameworks/OpenGL.framework/Versions/A/OpenGL
0x000000000d9d5000 	/System/Library/PrivateFrameworks/Sharing.framework/Versions/A/Sharing
0x000000000d9d5000 	/System/Library/Frameworks/CoreGraphics.framework/Versions/A/CoreGraphics
0x000000000d9d5000 	/System/Library/Frameworks/CoreText.framework/Versions/A/CoreText
0x000000000d9d5000 	/System/Library/Frameworks/ImageIO.framework/Versions/A/ImageIO
0x000000000d9d5000 	/usr/lib/libextension.dylib
0x000000000d9d5000 	/System/Library/PrivateFrameworks/Backup.framework/Versions/A/Backup
0x000000000d9d5000 	/usr/lib/libarchive.2.dylib
0x000000000d9d5000 	/System/Library/Frameworks/CFNetwork.framework/Versions/A/CFNetwork
0x000000000d9d5000 	/System/Library/Frameworks/SystemConfiguration.framework/Versions/A/SystemConfiguration
0x000000000d9d5000 	/usr/lib/libCRFSuite.dylib
0x000000000d9d5000 	/usr/lib/libc++.1.dylib
0x000000000d9d5000 	/usr/lib/libc++abi.dylib
0x000000000d9d5000 	/usr/lib/system/libcache.dylib
0x000000000d9d5000 	/usr/lib/system/libcommonCrypto.dylib
0x000000000d9d5000 	/usr/lib/system/libcompiler_rt.dylib
0x000000000d9d5000 	/usr/lib/system/libcopyfile.dylib
0x000000000d9d5000 	/usr/lib/system/libcorecrypto.dylib
0x000000000d9d5000 	/usr/lib/system/libdispatch.dylib
0x000000000d9d5000 	/usr/lib/system/libdyld.dylib
0x000000000d9d5000 	/usr/lib/system/libkeymgr.dylib
0x000000000d9d5000 	/usr/lib/system/liblaunch.dylib
0x000000000d9d5000 	/usr/lib/system/libmacho.dylib
0x000000000d9d5000 	/usr/lib/system/libquarantine.dylib
0x000000000d9d5000 	/usr/lib/system/libremovefile.dylib
0x000000000d9d5000 	/usr/lib/system/libsystem_asl.dylib
0x000000000d9d5000 	/usr/lib/system/libsystem_blocks.dylib
0x000000000d9d5000 	/usr/lib/system/libsystem_c.dylib
0x000000000d9d5000 	/usr/lib/system/libsystem_configuration.dylib
0x000000000d9d5000 	/usr/lib/system/libsystem_coreservices.dylib
0x000000000d9d5000 	/usr/lib/system/libsystem_coretls.dylib
0x000000000d9d5000 	/usr/lib/system/libsystem_dnssd.dylib
0x000000000d9d5000 	/usr/lib/system/libsystem_info.dylib
0x000000000d9d5000 	/usr/lib/system/libsystem_kernel.dylib
0x000000000d9d5000 	/usr/lib/system/libsystem_m.dylib
0x000000000d9d5000 	/usr/lib/system/libsystem_malloc.dylib
0x000000000d9d5000 	/usr/lib/system/libsystem_network.dylib
0x000000000d9d5000 	/usr/lib/system/libsystem_networkextension.dylib
0x000000000d9d5000 	/usr/lib/system/libsystem_notify.dylib
0x000000000d9d5000 	/usr/lib/system/libsystem_platform.dylib
0x000000000d9d5000 	/usr/lib/system/libsystem_pthread.dylib
0x000000000d9d5000 	/usr/lib/system/libsystem_sandbox.dylib
0x000000000d9d5000 	/usr/lib/system/libsystem_secinit.dylib
0x000000000d9d5000 	/usr/lib/system/libsystem_stats.dylib
0x000000000d9d5000 	/usr/lib/system/libsystem_trace.dylib
0x000000000d9d5000 	/usr/lib/system/libunc.dylib
0x000000000d9d5000 	/usr/lib/system/libunwind.dylib
0x000000000d9d5000 	/usr/lib/system/libxpc.dylib
0x000000000d9d5000 	/usr/lib/libbz2.1.0.dylib
0x000000000d9d5000 	/usr/lib/liblzma.5.dylib
0x000000000d9d5000 	/usr/lib/libbsm.0.dylib
0x000000000d9d5000 	/usr/lib/libsqlite3.dylib
0x000000000d9d5000 	/usr/lib/system/libkxld.dylib
0x000000000d9d5000 	/usr/lib/libxar.1.dylib
0x000000000d9d5000 	/usr/lib/libpam.2.dylib
0x000000000d9d5000 	/usr/lib/libOpenScriptingUtil.dylib
0x000000000d9d5000 	/System/Library/Frameworks/CoreServices.framework/Versions/A/Frameworks/FSEvents.framework/Versions/A/FSEvents
0x000000000d9d5000 	/System/Library/Frameworks/CoreServices.framework/Versions/A/Frameworks/CarbonCore.framework/Versions/A/CarbonCore
0x000000000d9d5000 	/System/Library/Frameworks/CoreServices.framework/Versions/A/Frameworks/Metadata.framework/Versions/A/Metadata
0x000000000d9d5000 	/System/Library/Frameworks/CoreServices.framework/Versions/A/Frameworks/OSServices.framework/Versions/A/OSServices
0x000000000d9d5000 	/System/Library/Frameworks/CoreServices.framework/Versions/A/Frameworks/SearchKit.framework/Versions/A/SearchKit
0x000000000d9d5000 	/System/Library/Frameworks/CoreServices.framework/Versions/A/Frameworks/AE.framework/Versions/A/AE
0x000000000d9d5000 	/System/Library/Frameworks/CoreServices.framework/Versions/A/Frameworks/LaunchServices.framework/Versions/A/LaunchServices
0x000000000d9d5000 	/System/Library/Frameworks/CoreServices.framework/Versions/A/Frameworks/DictionaryServices.framework/Versions/A/DictionaryServices
0x000000000d9d5000 	/System/Library/Frameworks/NetFS.framework/Versions/A/NetFS
0x000000000d9d5000 	/System/Library/PrivateFrameworks/NetAuth.framework/Versions/A/NetAuth
0x000000000d9d5000 	/System/Library/PrivateFrameworks/login.framework/Versions/A/Frameworks/loginsupport.framework/Versions/A/loginsupport
0x000000000d9d5000 	/System/Library/PrivateFrameworks/TCC.framework/Versions/A/TCC
0x000000000d9d5000 	/usr/lib/libmecabra.dylib
0x000000000d9d5000 	/System/Library/PrivateFrameworks/LanguageModeling.framework/Versions/A/LanguageModeling
0x000000000d9d5000 	/usr/lib/libcmph.dylib
0x000000000d9d5000 	/usr/lib/libiconv.2.dylib
0x000000000d9d5000 	/System/Library/Frameworks/OpenDirectory.framework/Versions/A/Frameworks/CFOpenDirectory.framework/Versions/A/CFOpenDirectory
0x000000000d9d5000 	/System/Library/Frameworks/ServiceManagement.framework/Versions/A/ServiceManagement
0x000000000d9d5000 	/usr/lib/libxslt.1.dylib
0x000000000d9d5000 	/System/Library/Frameworks/Carbon.framework/Versions/A/Frameworks/Ink.framework/Versions/A/Ink
0x000000000d9d5000 	/System/Library/Frameworks/ApplicationServices.framework/Versions/A/Frameworks/ATS.framework/Versions/A/ATS
0x000000000d9d5000 	/System/Library/Frameworks/ApplicationServices.framework/Versions/A/Frameworks/ColorSync.framework/Versions/A/ColorSync
0x000000000d9d5000 	/System/Library/Frameworks/ApplicationServices.framework/Versions/A/Frameworks/HIServices.framework/Versions/A/HIServices
0x000000000d9d5000 	/System/Library/Frameworks/ApplicationServices.framework/Versions/A/Frameworks/LangAnalysis.framework/Versions/A/LangAnalysis
0x000000000d9d5000 	/System/Library/Frameworks/ApplicationServices.framework/Versions/A/Frameworks/PrintCore.framework/Versions/A/PrintCore
0x000000000d9d5000 	/System/Library/Frameworks/ApplicationServices.framework/Versions/A/Frameworks/QD.framework/Versions/A/QD
0x000000000d9d5000 	/System/Library/Frameworks/ApplicationServices.framework/Versions/A/Frameworks/SpeechSynthesis.framework/Versions/A/SpeechSynthesis
0x000000000d9d5000 	/System/Library/Frameworks/Accelerate.framework/Versions/A/Accelerate
0x000000000d9d5000 	/System/Library/Frameworks/Accelerate.framework/Versions/A/Frameworks/vImage.framework/Versions/A/vImage
0x000000000d9d5000 	/System/Library/Frameworks/Accelerate.framework/Versions/A/Frameworks/vecLib.framework/Versions/A/vecLib
0x000000000d9d5000 	/System/Library/Frameworks/Accelerate.framework/Versions/A/Frameworks/vecLib.framework/Versions/A/libvDSP.dylib
0x000000000d9d5000 	/System/Library/Frameworks/Accelerate.framework/Versions/A/Frameworks/vecLib.framework/Versions/A/libvMisc.dylib
0x000000000d9d5000 	/System/Library/Frameworks/Accelerate.framework/Versions/A/Frameworks/vecLib.framework/Versions/A/libLAPACK.dylib
0x000000000d9d5000 	/System/Library/Frameworks/Accelerate.framework/Versions/A/Frameworks/vecLib.framework/Versions/A/libBLAS.dylib
0x000000000d9d5000 	/System/Library/Frameworks/Accelerate.framework/Versions/A/Frameworks/vecLib.framework/Versions/A/libLinearAlgebra.dylib
0x000000000d9d5000 	/System/Library/Frameworks/ApplicationServices.framework/Versions/A/Frameworks/ATS.framework/Versions/A/Resources/libFontParser.dylib
0x000000000d9d5000 	/System/Library/Frameworks/ApplicationServices.framework/Versions/A/Frameworks/ATS.framework/Versions/A/Resources/libFontRegistry.dylib
0x000000000d9d5000 	/System/Library/PrivateFrameworks/AppleVPA.framework/Versions/A/AppleVPA
0x000000000d9d5000 	/System/Library/PrivateFrameworks/AppleJPEG.framework/Versions/A/AppleJPEG
0x000000000d9d5000 	/System/Library/Frameworks/ImageIO.framework/Versions/A/Resources/libJPEG.dylib
0x000000000d9d5000 	/System/Library/Frameworks/ImageIO.framework/Versions/A/Resources/libTIFF.dylib
0x000000000d9d5000 	/System/Library/Frameworks/ImageIO.framework/Versions/A/Resources/libPng.dylib
0x000000000d9d5000 	/System/Library/Frameworks/ImageIO.framework/Versions/A/Resources/libGIF.dylib
0x000000000d9d5000 	/System/Library/Frameworks/ImageIO.framework/Versions/A/Resources/libJP2.dylib
0x000000000d9d5000 	/System/Library/Frameworks/ImageIO.framework/Versions/A/Resources/libRadiance.dylib
0x000000000d9d5000 	/System/Library/Frameworks/CoreVideo.framework/Versions/A/CoreVideo
0x000000000d9d5000 	/System/Library/Frameworks/OpenGL.framework/Versions/A/Libraries/libGLU.dylib
0x000000000d9d5000 	/System/Library/Frameworks/OpenGL.framework/Versions/A/Libraries/libGFXShared.dylib
0x000000000d9d5000 	/System/Library/Frameworks/OpenGL.framework/Versions/A/Libraries/libGL.dylib
0x000000000d9d5000 	/System/Library/Frameworks/OpenGL.framework/Versions/A/Libraries/libGLImage.dylib
0x000000000d9d5000 	/System/Library/Frameworks/OpenGL.framework/Versions/A/Libraries/libCVMSPluginSupport.dylib
0x000000000d9d5000 	/System/Library/Frameworks/OpenGL.framework/Versions/A/Libraries/libCoreVMClient.dylib
0x000000000d9d5000 	/usr/lib/libcups.2.dylib
0x000000000d9d5000 	/System/Library/Frameworks/Kerberos.framework/Versions/A/Kerberos
0x000000000d9d5000 	/System/Library/Frameworks/GSS.framework/Versions/A/GSS
0x000000000d9d5000 	/usr/lib/libresolv.9.dylib
0x000000000d9d5000 	/System/Library/PrivateFrameworks/Heimdal.framework/Versions/A/Heimdal
0x000000000d9d5000 	/usr/lib/libheimdal-asn1.dylib
0x000000000d9d5000 	/System/Library/Frameworks/OpenDirectory.framework/Versions/A/OpenDirectory
0x000000000d9d5000 	/System/Library/PrivateFrameworks/CommonAuth.framework/Versions/A/CommonAuth
0x000000000d9d5000 	/System/Library/Frameworks/SecurityFoundation.framework/Versions/A/SecurityFoundation
0x000000000d9d5000 	/System/Library/Frameworks/QuartzCore.framework/Versions/A/Frameworks/CoreImage.framework/Versions/A/CoreImage
0x000000000d9d5000 	/System/Library/PrivateFrameworks/CrashReporterSupport.framework/Versions/A/CrashReporterSupport
0x000000000d9d5000 	/System/Library/Frameworks/OpenCL.framework/Versions/A/OpenCL
0x000000000d9d5000 	/System/Library/PrivateFrameworks/FaceCore.framework/Versions/A/FaceCore
0x000000000d9d5000 	/System/Library/PrivateFrameworks/Ubiquity.framework/Versions/A/Ubiquity
0x000000000d9d5000 	/System/Library/PrivateFrameworks/IconServices.framework/Versions/A/IconServices
0x000000000d9d5000 	/System/Library/PrivateFrameworks/ChunkingLibrary.framework/Versions/A/ChunkingLibrary
0x000000000d9d5000 	/System/Library/PrivateFrameworks/Apple80211.framework/Versions/A/Apple80211
0x000000000d9d5000 	/System/Library/Frameworks/CoreWLAN.framework/Versions/A/CoreWLAN
0x000000000d9d5000 	/System/Library/Frameworks/IOBluetooth.framework/Versions/A/IOBluetooth
0x000000000d9d5000 	/System/Library/PrivateFrameworks/CoreWiFi.framework/Versions/A/CoreWiFi
0x000000000d9d5000 	/System/Library/Frameworks/CoreBluetooth.framework/Versions/A/CoreBluetooth
0x000000000d9d5000 	/System/Library/PrivateFrameworks/DebugSymbols.framework/Versions/A/DebugSymbols
0x000000000d9d5000 	/System/Library/PrivateFrameworks/CoreSymbolication.framework/Versions/A/CoreSymbolication
0x000000000d9d5000 	/System/Library/PrivateFrameworks/Symbolication.framework/Versions/A/Symbolication
0x000000000d9d5000 	/System/Library/PrivateFrameworks/SpeechRecognitionCore.framework/Versions/A/SpeechRecognitionCore
0x0000000101200000 	/Library/Java/JavaVirtualMachines/jdk1.8.0_20.jdk/Contents/Home/jre/lib/server/libjvm.dylib
0x000000000d9d5000 	/usr/lib/libstdc++.6.dylib
0x00000001009bb000 	/Library/Java/JavaVirtualMachines/jdk1.8.0_20.jdk/Contents/Home/jre/lib/libverify.dylib
0x00000001009c9000 	/Library/Java/JavaVirtualMachines/jdk1.8.0_20.jdk/Contents/Home/jre/lib/libjava.dylib
0x0000000102123000 	/Library/Java/JavaVirtualMachines/jdk1.8.0_20.jdk/Contents/Home/jre/lib/libzip.dylib
0x0000000115c37000 	/System/Library/Frameworks/JavaVM.framework/Frameworks/JavaRuntimeSupport.framework/JavaRuntimeSupport
0x0000000115c4d000 	/System/Library/Frameworks/JavaVM.framework/Versions/A/Frameworks/JavaNativeFoundation.framework/Versions/A/JavaNativeFoundation
0x0000000115c61000 	/System/Library/Frameworks/JavaVM.framework/Versions/A/JavaVM
0x000000000d9d5000 	/System/Library/Frameworks/Carbon.framework/Versions/A/Carbon
0x0000000115c6d000 	/System/Library/PrivateFrameworks/JavaLaunching.framework/Versions/A/JavaLaunching
0x000000000d9d5000 	/System/Library/Frameworks/Carbon.framework/Versions/A/Frameworks/CommonPanels.framework/Versions/A/CommonPanels
0x000000000d9d5000 	/System/Library/Frameworks/Carbon.framework/Versions/A/Frameworks/Help.framework/Versions/A/Help
0x000000000d9d5000 	/System/Library/Frameworks/Carbon.framework/Versions/A/Frameworks/ImageCapture.framework/Versions/A/ImageCapture
0x000000000d9d5000 	/System/Library/Frameworks/Carbon.framework/Versions/A/Frameworks/OpenScripting.framework/Versions/A/OpenScripting
0x000000000d9d5000 	/System/Library/Frameworks/Carbon.framework/Versions/A/Frameworks/Print.framework/Versions/A/Print
0x000000000d9d5000 	/System/Library/Frameworks/Carbon.framework/Versions/A/Frameworks/SecurityHI.framework/Versions/A/SecurityHI
0x0000000117a23000 	/Library/Java/JavaVirtualMachines/jdk1.8.0_20.jdk/Contents/Home/jre/lib/libawt.dylib
0x0000000117ad2000 	/Library/Java/JavaVirtualMachines/jdk1.8.0_20.jdk/Contents/Home/jre/lib/./libmlib_image.dylib
0x0000000117b9e000 	/Library/Java/JavaVirtualMachines/jdk1.8.0_20.jdk/Contents/Home/jre/lib/libawt_lwawt.dylib
0x0000000117c51000 	/Library/Java/JavaVirtualMachines/jdk1.8.0_20.jdk/Contents/Home/jre/lib/./libosxapp.dylib
0x000000000d9d5000 	/System/Library/Frameworks/ExceptionHandling.framework/Versions/A/ExceptionHandling
0x000000000d9d5000 	/System/Library/PrivateFrameworks/CoreServicesInternal.framework/Versions/A/CoreServicesInternal
0x000000000d9d5000 	/System/Library/PrivateFrameworks/CloudDocs.framework/Versions/A/CloudDocs
0x000000000d9d5000 	/System/Library/PrivateFrameworks/CoreDuet.framework/Versions/A/CoreDuet
0x000000000d9d5000 	/System/Library/Frameworks/CloudKit.framework/Versions/A/CloudKit
0x000000000d9d5000 	/System/Library/PrivateFrameworks/ProtocolBuffer.framework/Versions/A/ProtocolBuffer
0x000000000d9d5000 	/System/Library/PrivateFrameworks/CoreDuetDaemonProtocol.framework/Versions/A/CoreDuetDaemonProtocol
0x000000000d9d5000 	/System/Library/PrivateFrameworks/CoreDuetDebugLogging.framework/Versions/A/CoreDuetDebugLogging
0x000000000d9d5000 	/System/Library/Frameworks/CoreLocation.framework/Versions/A/CoreLocation
0x000000000d9d5000 	/System/Library/Frameworks/Accounts.framework/Versions/A/Accounts
0x000000000d9d5000 	/System/Library/PrivateFrameworks/ApplePushService.framework/Versions/A/ApplePushService
0x000000000d9d5000 	/System/Library/PrivateFrameworks/GeoServices.framework/Versions/A/GeoServices
0x000000000d9d5000 	/System/Library/PrivateFrameworks/OAuth.framework/Versions/A/OAuth
0x000000000d9d5000 	/System/Library/PrivateFrameworks/CoreDaemon.framework/Versions/B/CoreDaemon
0x000000000d9d5000 	/usr/lib/libcrypto.0.9.8.dylib
0x000000000d9d5000 	/System/Library/PrivateFrameworks/AppleSRP.framework/Versions/A/AppleSRP
0x000000000d9d5000 	/System/Library/PrivateFrameworks/TrustEvaluationAgent.framework/Versions/A/TrustEvaluationAgent
0x000000000d9d5000 	/System/Library/Frameworks/CoreGraphics.framework/Versions/A/Resources/libCGCMS.A.dylib
0x000000000d9d5000 	/System/Library/Frameworks/CoreGraphics.framework/Versions/A/Resources/libRIP.A.dylib
0x000000000d9d5000 	/System/Library/Frameworks/CoreGraphics.framework/Versions/A/Resources/libCGXType.A.dylib
0x000000000d9d5000 	/System/Library/Frameworks/OpenCL.framework/Versions/A/Libraries/libcldcpuengine.dylib
0x000000000d9d5000 	/System/Library/PrivateFrameworks/DiskImages.framework/Versions/A/DiskImages
0x000000000d9d5000 	/System/Library/Frameworks/DiscRecording.framework/Versions/A/DiscRecording
0x000000000d9d5000 	/usr/lib/libcsfde.dylib
0x000000000d9d5000 	/usr/lib/libcurl.4.dylib
0x000000000d9d5000 	/System/Library/PrivateFrameworks/MediaKit.framework/Versions/A/MediaKit
0x000000000d9d5000 	/System/Library/PrivateFrameworks/ProtectedCloudStorage.framework/Versions/A/ProtectedCloudStorage
0x000000000d9d5000 	/usr/lib/libCoreStorage.dylib
0x000000000d9d5000 	/System/Library/PrivateFrameworks/EFILogin.framework/Versions/A/EFILogin
0x000000000d9d5000 	/usr/lib/libutil.dylib
0x000000000d9d5000 	/System/Library/PrivateFrameworks/FindMyDevice.framework/Versions/A/FindMyDevice
0x000000000d9d5000 	/System/Library/Frameworks/LDAP.framework/Versions/A/LDAP
0x000000000d9d5000 	/usr/lib/libsasl2.2.dylib
0x000000011a6aa000 	cl_kernels
0x000000011a6ac000 	/System/Library/Frameworks/OpenCL.framework/Versions/A/Libraries/ImageFormats/unorm8_bgra.dylib
0x000000011a69b000 	cl_kernels
0x000000000d9d5000 	/System/Library/PrivateFrameworks/FamilyControls.framework/Versions/A/FamilyControls
0x000000000d9d5000 	/System/Library/PrivateFrameworks/CommerceKit.framework/Versions/A/Frameworks/CommerceCore.framework/Versions/A/CommerceCore
0x000000000d9d5000 	/System/Library/PrivateFrameworks/SystemAdministration.framework/Versions/A/SystemAdministration
0x000000000d9d5000 	/System/Library/PrivateFrameworks/AppContainer.framework/Versions/A/AppContainer
0x000000000d9d5000 	/System/Library/PrivateFrameworks/SecCodeWrapper.framework/Versions/A/SecCodeWrapper
0x000000000d9d5000 	/System/Library/Frameworks/DirectoryService.framework/Versions/A/DirectoryService
0x000000000d9d5000 	/System/Library/PrivateFrameworks/LoginUIKit.framework/Versions/A/Frameworks/LoginUICore.framework/Versions/A/LoginUICore
0x000000000d9d5000 	/usr/lib/libodfde.dylib
0x000000011b872000 	/Library/Java/JavaVirtualMachines/jdk1.8.0_20.jdk/Contents/Home/jre/lib/libfontmanager.dylib
0x000000011b8d8000 	/Users/eugenpuzynin/git/hsa-galileo/lib/lwjgl-2.9.1/native/macosx/liblwjgl.jnilib
0x0000000119be4000 	/Library/Java/JavaVirtualMachines/jdk1.8.0_20.jdk/Contents/Home/jre/lib/libjawt.dylib
0x000000000d9d5000 	/System/Library/Frameworks/OpenGL.framework/Versions/A/Resources/GLEngine.bundle/GLEngine
0x000000000d9d5000 	/System/Library/Frameworks/OpenGL.framework/Versions/A/Libraries/libGLProgrammability.dylib
0x0000000000000000 	/System/Library/Extensions/AppleIntelHD5000GraphicsGLDriver.bundle/Contents/MacOS/AppleIntelHD5000GraphicsGLDriver
0x000000000d9d5000 	/System/Library/PrivateFrameworks/IOAccelerator.framework/Versions/A/IOAccelerator
0x000000000d9d5000 	/System/Library/PrivateFrameworks/GPUSupport.framework/Versions/A/Libraries/libGPUSupportMercury.dylib
0x000000000d9d5000 	/System/Library/Frameworks/OpenGL.framework/Versions/A/Resources/GLRendererFloat.bundle/GLRendererFloat

VM Arguments:
jvm_args: -Djava.library.path=/Users/eugenpuzynin/git/hsa-galileo/lib/lwjgl-2.9.1/native/macosx -Dfile.encoding=UTF-8 
java_command: mapping.MappingEV3
java_class_path (initial): /Users/eugenpuzynin/git/hsa-galileo/bin:/Users/eugenpuzynin/git/hsa-galileo/lib/lwjgl-2.9.1/jar/jinput.jar:/Users/eugenpuzynin/git/hsa-galileo/lib/lwjgl-2.9.1/jar/lwjgl_util.jar:/Users/eugenpuzynin/git/hsa-galileo/lib/lwjgl-2.9.1/jar/lwjgl.jar
Launcher Type: SUN_STANDARD

Environment Variables:
PATH=/usr/bin:/bin:/usr/sbin:/sbin
SHELL=/bin/bash

Signal Handlers:
SIGSEGV: [libjvm.dylib+0x578fd7], sa_mask[0]=11111111011111110111111111111111, sa_flags=SA_ONSTACK|SA_RESTART|SA_SIGINFO
SIGBUS: [libjvm.dylib+0x578fd7], sa_mask[0]=11111111011111110111111111111111, sa_flags=SA_RESTART|SA_SIGINFO
SIGFPE: [libjvm.dylib+0x45ab0c], sa_mask[0]=11111111011111110111111111111111, sa_flags=SA_RESTART|SA_SIGINFO
SIGPIPE: [libjvm.dylib+0x45ab0c], sa_mask[0]=11111111011111110111111111111111, sa_flags=SA_RESTART|SA_SIGINFO
SIGXFSZ: [libjvm.dylib+0x45ab0c], sa_mask[0]=11111111011111110111111111111111, sa_flags=SA_RESTART|SA_SIGINFO
SIGILL: [libjvm.dylib+0x45ab0c], sa_mask[0]=11111111011111110111111111111111, sa_flags=SA_RESTART|SA_SIGINFO
SIGUSR1: SIG_DFL, sa_mask[0]=00000000000000000000000000000000, sa_flags=none
SIGUSR2: [libjvm.dylib+0x45a62a], sa_mask[0]=00100000000000000000000000000000, sa_flags=SA_RESTART|SA_SIGINFO
SIGHUP: [libjvm.dylib+0x458bfd], sa_mask[0]=11111111011111110111111111111111, sa_flags=SA_RESTART|SA_SIGINFO
SIGINT: [libjvm.dylib+0x458bfd], sa_mask[0]=11111111011111110111111111111111, sa_flags=SA_RESTART|SA_SIGINFO
SIGTERM: [libjvm.dylib+0x458bfd], sa_mask[0]=11111111011111110111111111111111, sa_flags=SA_RESTART|SA_SIGINFO
SIGQUIT: [libjvm.dylib+0x458bfd], sa_mask[0]=11111111011111110111111111111111, sa_flags=SA_RESTART|SA_SIGINFO


---------------  S Y S T E M  ---------------

OS:Bsduname:Darwin 14.0.0 Darwin Kernel Version 14.0.0: Fri Sep 19 00:26:44 PDT 2014; root:xnu-2782.1.97~2/RELEASE_X86_64 x86_64
rlimit: STACK 8192k, CORE 0k, NPROC 709, NOFILE 10240, AS infinity
load average:2.16 1.84 1.68

CPU:total 4 (2 cores per cpu, 2 threads per core) family 6 model 69 stepping 1, cmov, cx8, fxsr, mmx, sse, sse2, sse3, ssse3, sse4.1, sse4.2, popcnt, avx, avx2, aes, clmul, erms, lzcnt, ht, tsc, tscinvbit, bmi1, bmi2

Memory: 4k page, physical 4194304k(1275260k free)

/proc/meminfo:


vm_info: Java HotSpot(TM) 64-Bit Server VM (25.20-b23) for bsd-amd64 JRE (1.8.0_20-b26), built on Jul 30 2014 13:37:47 by "java_re" with gcc 4.2.1 (Based on Apple Inc. build 5658) (LLVM build 2336.9.00)

time: Fri Dec 12 12:52:43 2014
elapsed time: 1 seconds (0d 0h 0m 1s)

